<?xml version="1.0" encoding="UTF-8"?>
<testng-results ignored="0" total="3" passed="3" failed="0" skipped="0">
  <reporter-output>
  </reporter-output>
  <suite started-at="2023-08-31T14:12:57 IST" name="Suite" finished-at="2023-08-31T14:14:46 IST" duration-ms="109188">
    <groups>
    </groups>
    <test started-at="2023-08-31T14:12:57 IST" name="Test on Chrome" finished-at="2023-08-31T14:14:46 IST" duration-ms="109188">
      <class name="com.Tests.testClass">
        <test-method is-config="true" signature="setUp(java.lang.String)[pri:0, instance:com.Tests.testClass@35cabb2a]" started-at="2023-08-31T14:12:57 IST" name="setUp" finished-at="2023-08-31T14:13:16 IST" duration-ms="18354" status="PASS">
          <params>
            <param index="0">
              <value>
                <![CDATA[chrome]]>
              </value>
            </param>
          </params>
          <reporter-output>
          </reporter-output>
        </test-method> <!-- setUp -->
        <test-method signature="CreateNewAccount()[pri:1, instance:com.Tests.testClass@35cabb2a]" started-at="2023-08-31T14:13:16 IST" name="CreateNewAccount" finished-at="2023-08-31T14:14:06 IST" duration-ms="50579" status="PASS">
          <reporter-output>
          </reporter-output>
        </test-method> <!-- CreateNewAccount -->
        <test-method is-config="true" signature="tearDown(org.testng.ITestResult)[pri:0, instance:com.Tests.testClass@35cabb2a]" started-at="2023-08-31T14:14:06 IST" name="tearDown" finished-at="2023-08-31T14:14:08 IST" duration-ms="2094" status="PASS">
          <params>
            <param index="0">
              <value>
                <![CDATA[[TestResult name=CreateNewAccount status=SUCCESS method=testClass.CreateNewAccount()[pri:1, instance:com.Tests.testClass@35cabb2a] output={null}]]]>
              </value>
            </param>
          </params>
          <reporter-output>
          </reporter-output>
        </test-method> <!-- tearDown -->
        <test-method is-config="true" signature="setUp(java.lang.String)[pri:0, instance:com.Tests.testClass@35cabb2a]" started-at="2023-08-31T14:14:08 IST" name="setUp" finished-at="2023-08-31T14:14:18 IST" duration-ms="9802" status="PASS">
          <params>
            <param index="0">
              <value>
                <![CDATA[chrome]]>
              </value>
            </param>
          </params>
          <reporter-output>
          </reporter-output>
        </test-method> <!-- setUp -->
        <test-method signature="signIN()[pri:2, instance:com.Tests.testClass@35cabb2a]" started-at="2023-08-31T14:14:18 IST" name="signIN" finished-at="2023-08-31T14:14:26 IST" duration-ms="7993" status="PASS">
          <reporter-output>
          </reporter-output>
        </test-method> <!-- signIN -->
        <test-method is-config="true" signature="tearDown(org.testng.ITestResult)[pri:0, instance:com.Tests.testClass@35cabb2a]" started-at="2023-08-31T14:14:26 IST" name="tearDown" finished-at="2023-08-31T14:14:30 IST" duration-ms="3548" status="PASS">
          <params>
            <param index="0">
              <value>
                <![CDATA[[TestResult name=signIN status=SUCCESS method=testClass.signIN()[pri:2, instance:com.Tests.testClass@35cabb2a] output={null}]]]>
              </value>
            </param>
          </params>
          <reporter-output>
          </reporter-output>
        </test-method> <!-- tearDown -->
        <test-method is-config="true" signature="setUp(java.lang.String)[pri:0, instance:com.Tests.testClass@35cabb2a]" started-at="2023-08-31T14:14:30 IST" name="setUp" finished-at="2023-08-31T14:14:43 IST" duration-ms="13519" status="PASS">
          <params>
            <param index="0">
              <value>
                <![CDATA[chrome]]>
              </value>
            </param>
          </params>
          <reporter-output>
          </reporter-output>
        </test-method> <!-- setUp -->
        <test-method signature="home_Page()[pri:3, instance:com.Tests.testClass@35cabb2a]" started-at="2023-08-31T14:14:43 IST" name="home_Page" finished-at="2023-08-31T14:14:44 IST" depends-on-methods="com.Tests.testClass.signIN" duration-ms="813" status="PASS">
          <reporter-output>
          </reporter-output>
        </test-method> <!-- home_Page -->
        <test-method is-config="true" signature="tearDown(org.testng.ITestResult)[pri:0, instance:com.Tests.testClass@35cabb2a]" started-at="2023-08-31T14:14:44 IST" name="tearDown" finished-at="2023-08-31T14:14:46 IST" duration-ms="2311" status="PASS">
          <params>
            <param index="0">
              <value>
                <![CDATA[[TestResult name=home_Page status=SUCCESS method=testClass.home_Page()[pri:3, instance:com.Tests.testClass@35cabb2a] output={null}]]]>
              </value>
            </param>
          </params>
          <reporter-output>
          </reporter-output>
        </test-method> <!-- tearDown -->
      </class> <!-- com.Tests.testClass -->
    </test> <!-- Test on Chrome -->
  </suite> <!-- Suite -->
</testng-results>
